0 info it worked if it ends with ok
1 verbose cli [ 'node', '/usr/local/bin/npm', 'publish' ]
2 info using npm@2.7.4
3 info using node@v0.12.2
4 verbose publish [ '.' ]
5 silly cache add args [ '.', null ]
6 verbose cache add spec .
7 silly cache add parsed spec { raw: '.',
7 silly cache add   scope: null,
7 silly cache add   name: null,
7 silly cache add   rawSpec: '.',
7 silly cache add   spec: '/Users/daniel/Desktop/BoxfishCurl',
7 silly cache add   type: 'directory' }
8 verbose addLocalDirectory /Users/daniel/.npm/boxfishcurl/1.0.9/package.tgz not in flight; packing
9 verbose tar pack [ '/Users/daniel/.npm/boxfishcurl/1.0.9/package.tgz',
9 verbose tar pack   '/Users/daniel/Desktop/BoxfishCurl' ]
10 verbose tarball /Users/daniel/.npm/boxfishcurl/1.0.9/package.tgz
11 verbose folder /Users/daniel/Desktop/BoxfishCurl
12 info prepublish boxfishcurl@1.0.9
13 verbose addLocalTarball adding from inside cache /Users/daniel/.npm/boxfishcurl/1.0.9/package.tgz
14 silly cache afterAdd boxfishcurl@1.0.9
15 verbose afterAdd /Users/daniel/.npm/boxfishcurl/1.0.9/package/package.json not in flight; writing
16 verbose afterAdd /Users/daniel/.npm/boxfishcurl/1.0.9/package/package.json written
17 silly publish { name: 'boxfishcurl',
17 silly publish   version: '1.0.9',
17 silly publish   description: 'Curl library for the boxfish ads platform',
17 silly publish   main: 'index.js',
17 silly publish   scripts: { test: 'clear; make test' },
17 silly publish   repository:
17 silly publish    { type: 'git',
17 silly publish      url: 'https://github.com/danieldmo/BoxfishCurl.git' },
17 silly publish   keywords: [ 'curl' ],
17 silly publish   author:
17 silly publish    { name: 'Daniel Oliveira',
17 silly publish      email: 'daniel@boxfish.com',
17 silly publish      url: 'boxfish.com' },
17 silly publish   license: 'ISC',
17 silly publish   dependencies:
17 silly publish    { colors: '^1.1.2',
17 silly publish      'deep-extend': '^0.4.0',
17 silly publish      'promised-io': '^0.3.5' },
17 silly publish   devDependencies: { chai: '^2.3.0', mocha: '^2.2.5' },
17 silly publish   readme: '# BoxfishCurl.js\n\n## Installation\n\nnpm install boxfishcurl\n\n## Using simple Request\n###Usage\n```javascript\n// GET\ncurl.get(\'http://google.com\').then([Function], [Function]);\n```\n```javascript\n// POST\ncurl.post(\'http://your-post-url\', params).then([Function], [Function]);\n```\n```javascript\n// PUT\ncurl.put(\'http://your-PUT-url\', params).then([Function], [Function]);\n```\n```javascript\n// DELETE\ncurl.delete(\'http://your-DELETE-url\', params).then([Function], [Function]);\n```\n### default properties\nyou can set any request options here, including any header you may need.\n\n``` javascript\ncurl.init({ headers: { \'Content-Type\' : \'application/json\' } });\n```\n## Using HTTP and HTTPS modules\n###Usage\n| Param         | type |  Required      | Default  |\n| ------------- |-----:| --------------:|-----:|\n| host          | string | true | - |\n| path          | string | true | - |\n| port          | string | | 80 |\n| method        | string | | \'GET\'|\n| headers       | object | | -\n| data          | string | | \'application/x-www-form-urlencoded\'\n\n\n``` javascript\ncurl\n\t.req({\n    host    : \'boxfish.com\',\n    path    : \'/\',\n    headers : { \'Content-Type\': \'application/json\' },\n    method  : \'POST\',\n    data    : {\n        field       : \'this can be any JSON\',\n        used        : \'this will be sent in the request body\',\n        required    : false\n    }\n  }).then(function(response) {\n    // you got your data back\n  }, function(err) {\n    // something went wrong\n  });\n```\n\n## Run test\n\n```\nnpm test\n```\n',
17 silly publish   readmeFilename: 'README.md',
17 silly publish   gitHead: '709595dc494f7db8041eed4c958aed8592f3341a',
17 silly publish   bugs: { url: 'https://github.com/danieldmo/BoxfishCurl/issues' },
17 silly publish   homepage: 'https://github.com/danieldmo/BoxfishCurl',
17 silly publish   _id: 'boxfishcurl@1.0.9',
17 silly publish   _shasum: 'fd4c65e2cdc53fa59940045ba317a5cb18579417',
17 silly publish   _from: '.' }
18 silly mapToRegistry name boxfishcurl
19 silly mapToRegistry using default registry
20 silly mapToRegistry registry https://registry.npmjs.org/
21 silly mapToRegistry uri https://registry.npmjs.org/boxfishcurl
22 verbose publish registryBase https://registry.npmjs.org/
23 silly publish uploading /Users/daniel/.npm/boxfishcurl/1.0.9/package.tgz
24 verbose request uri https://registry.npmjs.org/boxfishcurl
25 verbose request sending authorization for write operation
26 info attempt registry request try #1 at 3:40:50 PM
27 verbose request using bearer token for auth
28 verbose request id ef3f8e8663066d91
29 http request PUT https://registry.npmjs.org/boxfishcurl
30 http 403 https://registry.npmjs.org/boxfishcurl
31 verbose headers { 'content-type': 'application/json',
31 verbose headers   'cache-control': 'max-age=60',
31 verbose headers   'content-length': '95',
31 verbose headers   'accept-ranges': 'bytes',
31 verbose headers   date: 'Thu, 20 Aug 2015 14:40:51 GMT',
31 verbose headers   via: '1.1 varnish',
31 verbose headers   connection: 'keep-alive',
31 verbose headers   'x-served-by': 'cache-lhr6320-LHR',
31 verbose headers   'x-cache': 'MISS',
31 verbose headers   'x-cache-hits': '0',
31 verbose headers   'x-timer': 'S1440081650.989259,VS0,VE935' }
32 verbose request invalidating /Users/daniel/.npm/registry.npmjs.org/boxfishcurl on PUT
33 error publish Failed PUT 403
34 verbose stack Error: "You cannot publish over the previously published version 1.0.9." : boxfishcurl
34 verbose stack     at CachingRegistryClient.<anonymous> (/usr/local/lib/node_modules/npm/node_modules/npm-registry-client/lib/request.js:247:14)
34 verbose stack     at Request._callback (/usr/local/lib/node_modules/npm/node_modules/npm-registry-client/lib/request.js:170:14)
34 verbose stack     at Request.self.callback (/usr/local/lib/node_modules/npm/node_modules/request/request.js:344:22)
34 verbose stack     at Request.emit (events.js:110:17)
34 verbose stack     at Request.<anonymous> (/usr/local/lib/node_modules/npm/node_modules/request/request.js:1239:14)
34 verbose stack     at Request.emit (events.js:129:20)
34 verbose stack     at IncomingMessage.<anonymous> (/usr/local/lib/node_modules/npm/node_modules/request/request.js:1187:12)
34 verbose stack     at IncomingMessage.emit (events.js:129:20)
34 verbose stack     at _stream_readable.js:908:16
34 verbose stack     at process._tickCallback (node.js:355:11)
35 verbose statusCode 403
36 verbose pkgid boxfishcurl
37 verbose cwd /Users/daniel/Desktop/BoxfishCurl
38 error Darwin 14.4.0
39 error argv "node" "/usr/local/bin/npm" "publish"
40 error node v0.12.2
41 error npm  v2.7.4
42 error code E403
43 error "You cannot publish over the previously published version 1.0.9." : boxfishcurl
44 error If you need help, you may report this error at:
44 error     <https://github.com/npm/npm/issues>
45 verbose exit [ 1, true ]
